{"/Users/macbook/Documents/GitHub/nodejs-homework-2/app.js": {"path":"/Users/macbook/Documents/GitHub/nodejs-homework-2/app.js","statementMap":{"0":{"start":{"line":1,"column":16},"end":{"line":1,"column":34}},"1":{"start":{"line":2,"column":15},"end":{"line":2,"column":32}},"2":{"start":{"line":3,"column":13},"end":{"line":3,"column":28}},"3":{"start":{"line":4,"column":19},"end":{"line":4,"column":51}},"4":{"start":{"line":5,"column":15},"end":{"line":5,"column":32}},"5":{"start":{"line":6,"column":23},"end":{"line":6,"column":60}},"6":{"start":{"line":7,"column":20},"end":{"line":7,"column":52}},"7":{"start":{"line":8,"column":0},"end":{"line":8,"column":26}},"8":{"start":{"line":9,"column":24},"end":{"line":9,"column":51}},"9":{"start":{"line":11,"column":12},"end":{"line":11,"column":21}},"10":{"start":{"line":13,"column":22},"end":{"line":13,"column":72}},"11":{"start":{"line":15,"column":0},"end":{"line":15,"column":40}},"12":{"start":{"line":16,"column":0},"end":{"line":16,"column":17}},"13":{"start":{"line":17,"column":0},"end":{"line":17,"column":30}},"14":{"start":{"line":18,"column":0},"end":{"line":18,"column":15}},"15":{"start":{"line":19,"column":0},"end":{"line":19,"column":37}},"16":{"start":{"line":20,"column":0},"end":{"line":20,"column":22}},"17":{"start":{"line":22,"column":0},"end":{"line":22,"column":34}},"18":{"start":{"line":23,"column":0},"end":{"line":23,"column":40}},"19":{"start":{"line":25,"column":0},"end":{"line":27,"column":2}},"20":{"start":{"line":26,"column":2},"end":{"line":26,"column":48}},"21":{"start":{"line":29,"column":0},"end":{"line":36,"column":2}},"22":{"start":{"line":30,"column":21},"end":{"line":30,"column":38}},"23":{"start":{"line":31,"column":2},"end":{"line":35,"column":4}},"24":{"start":{"line":37,"column":0},"end":{"line":37,"column":20}}},"fnMap":{"0":{"name":"(anonymous_0)","decl":{"start":{"line":25,"column":8},"end":{"line":25,"column":9}},"loc":{"start":{"line":25,"column":22},"end":{"line":27,"column":1}},"line":25},"1":{"name":"(anonymous_1)","decl":{"start":{"line":29,"column":8},"end":{"line":29,"column":9}},"loc":{"start":{"line":29,"column":33},"end":{"line":36,"column":1}},"line":29}},"branchMap":{"0":{"loc":{"start":{"line":13,"column":22},"end":{"line":13,"column":72}},"type":"cond-expr","locations":[{"start":{"line":13,"column":57},"end":{"line":13,"column":62}},{"start":{"line":13,"column":65},"end":{"line":13,"column":72}}],"line":13},"1":{"loc":{"start":{"line":30,"column":21},"end":{"line":30,"column":38}},"type":"binary-expr","locations":[{"start":{"line":30,"column":21},"end":{"line":30,"column":31}},{"start":{"line":30,"column":35},"end":{"line":30,"column":38}}],"line":30},"2":{"loc":{"start":{"line":32,"column":12},"end":{"line":32,"column":49}},"type":"cond-expr","locations":[{"start":{"line":32,"column":33},"end":{"line":32,"column":39}},{"start":{"line":32,"column":42},"end":{"line":32,"column":49}}],"line":32}},"s":{"0":1,"1":1,"2":1,"3":1,"4":1,"5":1,"6":1,"7":1,"8":1,"9":1,"10":1,"11":1,"12":1,"13":1,"14":1,"15":1,"16":1,"17":1,"18":1,"19":1,"20":0,"21":1,"22":0,"23":0,"24":1},"f":{"0":0,"1":0},"b":{"0":[0,1],"1":[0,0],"2":[0,0]},"_coverageSchema":"1a1c01bbd47fc00a2c39e90264f33305004495a9","hash":"14ad07f1ca2ef1527e37066963b82d334913b609"}
,"/Users/macbook/Documents/GitHub/nodejs-homework-2/config/constants.js": {"path":"/Users/macbook/Documents/GitHub/nodejs-homework-2/config/constants.js","statementMap":{"0":{"start":{"line":1,"column":12},"end":{"line":5,"column":1}},"1":{"start":{"line":7,"column":17},"end":{"line":20,"column":3}},"2":{"start":{"line":22,"column":0},"end":{"line":25,"column":1}}},"fnMap":{},"branchMap":{},"s":{"0":2,"1":2,"2":2},"f":{},"b":{},"_coverageSchema":"1a1c01bbd47fc00a2c39e90264f33305004495a9","hash":"36082ec513a231fdfd40dd285d82dbbc56e09ff6"}
,"/Users/macbook/Documents/GitHub/nodejs-homework-2/config/db.js": {"path":"/Users/macbook/Documents/GitHub/nodejs-homework-2/config/db.js","statementMap":{"0":{"start":{"line":1,"column":17},"end":{"line":1,"column":36}},"1":{"start":{"line":2,"column":0},"end":{"line":2,"column":26}},"2":{"start":{"line":3,"column":12},"end":{"line":3,"column":30}},"3":{"start":{"line":4,"column":11},"end":{"line":7,"column":2}},"4":{"start":{"line":9,"column":0},"end":{"line":11,"column":2}},"5":{"start":{"line":10,"column":2},"end":{"line":10,"column":42}},"6":{"start":{"line":13,"column":0},"end":{"line":15,"column":2}},"7":{"start":{"line":14,"column":2},"end":{"line":14,"column":57}},"8":{"start":{"line":19,"column":0},"end":{"line":23,"column":2}},"9":{"start":{"line":20,"column":2},"end":{"line":20,"column":35}},"10":{"start":{"line":21,"column":2},"end":{"line":21,"column":40}},"11":{"start":{"line":22,"column":2},"end":{"line":22,"column":16}},"12":{"start":{"line":25,"column":0},"end":{"line":25,"column":19}}},"fnMap":{"0":{"name":"(anonymous_0)","decl":{"start":{"line":9,"column":36},"end":{"line":9,"column":37}},"loc":{"start":{"line":9,"column":42},"end":{"line":11,"column":1}},"line":9},"1":{"name":"(anonymous_1)","decl":{"start":{"line":13,"column":32},"end":{"line":13,"column":33}},"loc":{"start":{"line":13,"column":41},"end":{"line":15,"column":1}},"line":13},"2":{"name":"(anonymous_2)","decl":{"start":{"line":19,"column":21},"end":{"line":19,"column":22}},"loc":{"start":{"line":19,"column":33},"end":{"line":23,"column":1}},"line":19}},"branchMap":{},"s":{"0":1,"1":1,"2":1,"3":1,"4":1,"5":1,"6":1,"7":0,"8":1,"9":0,"10":0,"11":0,"12":1},"f":{"0":1,"1":0,"2":0},"b":{},"_coverageSchema":"1a1c01bbd47fc00a2c39e90264f33305004495a9","hash":"cda2e1d61b37d3f7f85714ec567797d8534b78a1"}
,"/Users/macbook/Documents/GitHub/nodejs-homework-2/config/passport.js": {"path":"/Users/macbook/Documents/GitHub/nodejs-homework-2/config/passport.js","statementMap":{"0":{"start":{"line":1,"column":17},"end":{"line":1,"column":36}},"1":{"start":{"line":2,"column":33},"end":{"line":2,"column":56}},"2":{"start":{"line":3,"column":14},"end":{"line":3,"column":44}},"3":{"start":{"line":4,"column":0},"end":{"line":4,"column":26}},"4":{"start":{"line":5,"column":19},"end":{"line":5,"column":45}},"5":{"start":{"line":7,"column":15},"end":{"line":10,"column":1}},"6":{"start":{"line":12,"column":0},"end":{"line":27,"column":1}},"7":{"start":{"line":14,"column":4},"end":{"line":25,"column":5}},"8":{"start":{"line":15,"column":19},"end":{"line":15,"column":51}},"9":{"start":{"line":16,"column":6},"end":{"line":18,"column":7}},"10":{"start":{"line":17,"column":8},"end":{"line":17,"column":55}},"11":{"start":{"line":19,"column":6},"end":{"line":21,"column":7}},"12":{"start":{"line":20,"column":8},"end":{"line":20,"column":32}},"13":{"start":{"line":22,"column":6},"end":{"line":22,"column":29}},"14":{"start":{"line":24,"column":6},"end":{"line":24,"column":29}}},"fnMap":{"0":{"name":"(anonymous_0)","decl":{"start":{"line":13,"column":23},"end":{"line":13,"column":24}},"loc":{"start":{"line":13,"column":48},"end":{"line":26,"column":3}},"line":13}},"branchMap":{"0":{"loc":{"start":{"line":16,"column":6},"end":{"line":18,"column":7}},"type":"if","locations":[{"start":{"line":16,"column":6},"end":{"line":18,"column":7}},{"start":{},"end":{}}],"line":16},"1":{"loc":{"start":{"line":19,"column":6},"end":{"line":21,"column":7}},"type":"if","locations":[{"start":{"line":19,"column":6},"end":{"line":21,"column":7}},{"start":{},"end":{}}],"line":19}},"s":{"0":2,"1":2,"2":2,"3":2,"4":2,"5":2,"6":2,"7":0,"8":0,"9":0,"10":0,"11":0,"12":0,"13":0,"14":0},"f":{"0":0},"b":{"0":[0,0],"1":[0,0]},"_coverageSchema":"1a1c01bbd47fc00a2c39e90264f33305004495a9","hash":"1fdf6b454deb55ff5b05ac8d91e0686c0f9c1d47"}
,"/Users/macbook/Documents/GitHub/nodejs-homework-2/controllers/contacts.js": {"path":"/Users/macbook/Documents/GitHub/nodejs-homework-2/controllers/contacts.js","statementMap":{"0":{"start":{"line":1,"column":17},"end":{"line":1,"column":41}},"1":{"start":{"line":2,"column":22},"end":{"line":2,"column":55}},"2":{"start":{"line":4,"column":20},"end":{"line":8,"column":3}},"3":{"start":{"line":5,"column":19},"end":{"line":5,"column":31}},"4":{"start":{"line":6,"column":17},"end":{"line":6,"column":63}},"5":{"start":{"line":7,"column":4},"end":{"line":7,"column":65}},"6":{"start":{"line":10,"column":19},"end":{"line":21,"column":1}},"7":{"start":{"line":12,"column":19},"end":{"line":12,"column":31}},"8":{"start":{"line":13,"column":20},"end":{"line":13,"column":79}},"9":{"start":{"line":14,"column":4},"end":{"line":18,"column":5}},"10":{"start":{"line":15,"column":6},"end":{"line":17,"column":66}},"11":{"start":{"line":20,"column":4},"end":{"line":20,"column":43}},"12":{"start":{"line":23,"column":20},"end":{"line":27,"column":3}},"13":{"start":{"line":24,"column":17},"end":{"line":24,"column":29}},"14":{"start":{"line":25,"column":14},"end":{"line":25,"column":69}},"15":{"start":{"line":26,"column":2},"end":{"line":26,"column":71}},"16":{"start":{"line":29,"column":22},"end":{"line":38,"column":1}},"17":{"start":{"line":30,"column":19},"end":{"line":30,"column":31}},"18":{"start":{"line":31,"column":20},"end":{"line":31,"column":78}},"19":{"start":{"line":32,"column":4},"end":{"line":36,"column":5}},"20":{"start":{"line":33,"column":6},"end":{"line":35,"column":66}},"21":{"start":{"line":37,"column":4},"end":{"line":37,"column":43}},"22":{"start":{"line":40,"column":22},"end":{"line":51,"column":1}},"23":{"start":{"line":42,"column":19},"end":{"line":42,"column":31}},"24":{"start":{"line":43,"column":20},"end":{"line":43,"column":88}},"25":{"start":{"line":44,"column":4},"end":{"line":48,"column":5}},"26":{"start":{"line":45,"column":6},"end":{"line":47,"column":66}},"27":{"start":{"line":49,"column":4},"end":{"line":49,"column":43}},"28":{"start":{"line":53,"column":36},"end":{"line":63,"column":1}},"29":{"start":{"line":55,"column":19},"end":{"line":55,"column":31}},"30":{"start":{"line":56,"column":20},"end":{"line":56,"column":88}},"31":{"start":{"line":57,"column":4},"end":{"line":61,"column":5}},"32":{"start":{"line":58,"column":6},"end":{"line":60,"column":66}},"33":{"start":{"line":62,"column":4},"end":{"line":62,"column":43}},"34":{"start":{"line":65,"column":0},"end":{"line":72,"column":1}}},"fnMap":{"0":{"name":"(anonymous_0)","decl":{"start":{"line":4,"column":20},"end":{"line":4,"column":21}},"loc":{"start":{"line":4,"column":40},"end":{"line":8,"column":3}},"line":4},"1":{"name":"(anonymous_1)","decl":{"start":{"line":10,"column":19},"end":{"line":10,"column":20}},"loc":{"start":{"line":10,"column":45},"end":{"line":21,"column":1}},"line":10},"2":{"name":"(anonymous_2)","decl":{"start":{"line":23,"column":20},"end":{"line":23,"column":21}},"loc":{"start":{"line":23,"column":46},"end":{"line":27,"column":3}},"line":23},"3":{"name":"(anonymous_3)","decl":{"start":{"line":29,"column":22},"end":{"line":29,"column":23}},"loc":{"start":{"line":29,"column":48},"end":{"line":38,"column":1}},"line":29},"4":{"name":"(anonymous_4)","decl":{"start":{"line":40,"column":22},"end":{"line":40,"column":23}},"loc":{"start":{"line":40,"column":48},"end":{"line":51,"column":1}},"line":40},"5":{"name":"(anonymous_5)","decl":{"start":{"line":53,"column":36},"end":{"line":53,"column":37}},"loc":{"start":{"line":53,"column":62},"end":{"line":63,"column":1}},"line":53}},"branchMap":{"0":{"loc":{"start":{"line":14,"column":4},"end":{"line":18,"column":5}},"type":"if","locations":[{"start":{"line":14,"column":4},"end":{"line":18,"column":5}},{"start":{},"end":{}}],"line":14},"1":{"loc":{"start":{"line":32,"column":4},"end":{"line":36,"column":5}},"type":"if","locations":[{"start":{"line":32,"column":4},"end":{"line":36,"column":5}},{"start":{},"end":{}}],"line":32},"2":{"loc":{"start":{"line":44,"column":4},"end":{"line":48,"column":5}},"type":"if","locations":[{"start":{"line":44,"column":4},"end":{"line":48,"column":5}},{"start":{},"end":{}}],"line":44},"3":{"loc":{"start":{"line":57,"column":4},"end":{"line":61,"column":5}},"type":"if","locations":[{"start":{"line":57,"column":4},"end":{"line":61,"column":5}},{"start":{},"end":{}}],"line":57}},"s":{"0":1,"1":1,"2":1,"3":0,"4":0,"5":0,"6":1,"7":0,"8":0,"9":0,"10":0,"11":0,"12":1,"13":0,"14":0,"15":0,"16":1,"17":0,"18":0,"19":0,"20":0,"21":0,"22":1,"23":0,"24":0,"25":0,"26":0,"27":0,"28":1,"29":0,"30":0,"31":0,"32":0,"33":0,"34":1},"f":{"0":0,"1":0,"2":0,"3":0,"4":0,"5":0},"b":{"0":[0,0],"1":[0,0],"2":[0,0],"3":[0,0]},"_coverageSchema":"1a1c01bbd47fc00a2c39e90264f33305004495a9","hash":"189ad4c915601febc72b193a9651655a1e5532f0"}
,"/Users/macbook/Documents/GitHub/nodejs-homework-2/controllers/users.js": {"path":"/Users/macbook/Documents/GitHub/nodejs-homework-2/controllers/users.js","statementMap":{"0":{"start":{"line":1,"column":12},"end":{"line":1,"column":35}},"1":{"start":{"line":2,"column":11},"end":{"line":2,"column":33}},"2":{"start":{"line":5,"column":14},"end":{"line":5,"column":47}},"3":{"start":{"line":7,"column":21},"end":{"line":7,"column":51}},"4":{"start":{"line":8,"column":0},"end":{"line":8,"column":26}},"5":{"start":{"line":9,"column":19},"end":{"line":9,"column":45}},"6":{"start":{"line":10,"column":22},"end":{"line":10,"column":57}},"7":{"start":{"line":15,"column":15},"end":{"line":40,"column":1}},"8":{"start":{"line":16,"column":43},"end":{"line":16,"column":51}},"9":{"start":{"line":17,"column":15},"end":{"line":17,"column":45}},"10":{"start":{"line":18,"column":2},"end":{"line":24,"column":3}},"11":{"start":{"line":19,"column":4},"end":{"line":23,"column":6}},"12":{"start":{"line":25,"column":2},"end":{"line":39,"column":3}},"13":{"start":{"line":26,"column":20},"end":{"line":26,"column":73}},"14":{"start":{"line":27,"column":4},"end":{"line":36,"column":6}},"15":{"start":{"line":38,"column":4},"end":{"line":38,"column":11}},"16":{"start":{"line":42,"column":14},"end":{"line":64,"column":1}},"17":{"start":{"line":43,"column":30},"end":{"line":43,"column":38}},"18":{"start":{"line":44,"column":15},"end":{"line":44,"column":45}},"19":{"start":{"line":45,"column":26},"end":{"line":45,"column":63}},"20":{"start":{"line":46,"column":2},"end":{"line":52,"column":3}},"21":{"start":{"line":47,"column":4},"end":{"line":51,"column":6}},"22":{"start":{"line":53,"column":13},"end":{"line":53,"column":21}},"23":{"start":{"line":54,"column":18},"end":{"line":54,"column":24}},"24":{"start":{"line":55,"column":16},"end":{"line":55,"column":66}},"25":{"start":{"line":56,"column":2},"end":{"line":56,"column":36}},"26":{"start":{"line":57,"column":2},"end":{"line":63,"column":4}},"27":{"start":{"line":66,"column":15},"end":{"line":70,"column":1}},"28":{"start":{"line":67,"column":13},"end":{"line":67,"column":25}},"29":{"start":{"line":68,"column":2},"end":{"line":68,"column":35}},"30":{"start":{"line":69,"column":2},"end":{"line":69,"column":63}},"31":{"start":{"line":72,"column":20},"end":{"line":90,"column":1}},"32":{"start":{"line":73,"column":13},"end":{"line":73,"column":24}},"33":{"start":{"line":74,"column":2},"end":{"line":89,"column":3}},"34":{"start":{"line":75,"column":17},"end":{"line":75,"column":41}},"35":{"start":{"line":77,"column":4},"end":{"line":86,"column":7}},"36":{"start":{"line":88,"column":4},"end":{"line":88,"column":12}},"37":{"start":{"line":92,"column":18},"end":{"line":116,"column":1}},"38":{"start":{"line":93,"column":13},"end":{"line":93,"column":24}},"39":{"start":{"line":94,"column":2},"end":{"line":115,"column":3}},"40":{"start":{"line":95,"column":4},"end":{"line":95,"column":57}},"41":{"start":{"line":96,"column":17},"end":{"line":96,"column":41}},"42":{"start":{"line":97,"column":4},"end":{"line":106,"column":7}},"43":{"start":{"line":108,"column":4},"end":{"line":113,"column":5}},"44":{"start":{"line":109,"column":6},"end":{"line":112,"column":9}},"45":{"start":{"line":114,"column":4},"end":{"line":114,"column":12}},"46":{"start":{"line":140,"column":21},"end":{"line":164,"column":1}},"47":{"start":{"line":141,"column":30},"end":{"line":141,"column":38}},"48":{"start":{"line":142,"column":15},"end":{"line":142,"column":23}},"49":{"start":{"line":144,"column":22},"end":{"line":144,"column":31}},"50":{"start":{"line":145,"column":24},"end":{"line":145,"column":54}},"51":{"start":{"line":146,"column":43},"end":{"line":149,"column":3}},"52":{"start":{"line":151,"column":2},"end":{"line":151,"column":60}},"53":{"start":{"line":152,"column":2},"end":{"line":156,"column":3}},"54":{"start":{"line":153,"column":4},"end":{"line":153,"column":30}},"55":{"start":{"line":155,"column":4},"end":{"line":155,"column":30}},"56":{"start":{"line":157,"column":2},"end":{"line":163,"column":4}},"57":{"start":{"line":166,"column":0},"end":{"line":173,"column":1}}},"fnMap":{"0":{"name":"(anonymous_0)","decl":{"start":{"line":15,"column":15},"end":{"line":15,"column":16}},"loc":{"start":{"line":15,"column":41},"end":{"line":40,"column":1}},"line":15},"1":{"name":"(anonymous_1)","decl":{"start":{"line":42,"column":14},"end":{"line":42,"column":15}},"loc":{"start":{"line":42,"column":40},"end":{"line":64,"column":1}},"line":42},"2":{"name":"(anonymous_2)","decl":{"start":{"line":66,"column":15},"end":{"line":66,"column":16}},"loc":{"start":{"line":66,"column":41},"end":{"line":70,"column":1}},"line":66},"3":{"name":"(anonymous_3)","decl":{"start":{"line":72,"column":20},"end":{"line":72,"column":21}},"loc":{"start":{"line":72,"column":46},"end":{"line":90,"column":1}},"line":72},"4":{"name":"(anonymous_4)","decl":{"start":{"line":92,"column":18},"end":{"line":92,"column":19}},"loc":{"start":{"line":92,"column":44},"end":{"line":116,"column":1}},"line":92},"5":{"name":"(anonymous_5)","decl":{"start":{"line":140,"column":21},"end":{"line":140,"column":22}},"loc":{"start":{"line":140,"column":47},"end":{"line":164,"column":1}},"line":140}},"branchMap":{"0":{"loc":{"start":{"line":18,"column":2},"end":{"line":24,"column":3}},"type":"if","locations":[{"start":{"line":18,"column":2},"end":{"line":24,"column":3}},{"start":{},"end":{}}],"line":18},"1":{"loc":{"start":{"line":46,"column":2},"end":{"line":52,"column":3}},"type":"if","locations":[{"start":{"line":46,"column":2},"end":{"line":52,"column":3}},{"start":{},"end":{}}],"line":46},"2":{"loc":{"start":{"line":46,"column":6},"end":{"line":46,"column":31}},"type":"binary-expr","locations":[{"start":{"line":46,"column":6},"end":{"line":46,"column":11}},{"start":{"line":46,"column":15},"end":{"line":46,"column":31}}],"line":46},"3":{"loc":{"start":{"line":108,"column":4},"end":{"line":113,"column":5}},"type":"if","locations":[{"start":{"line":108,"column":4},"end":{"line":113,"column":5}},{"start":{},"end":{}}],"line":108}},"s":{"0":1,"1":1,"2":1,"3":1,"4":1,"5":1,"6":1,"7":1,"8":0,"9":0,"10":0,"11":0,"12":0,"13":0,"14":0,"15":0,"16":1,"17":0,"18":0,"19":0,"20":0,"21":0,"22":0,"23":0,"24":0,"25":0,"26":0,"27":1,"28":0,"29":0,"30":0,"31":1,"32":0,"33":0,"34":0,"35":0,"36":0,"37":1,"38":0,"39":0,"40":0,"41":0,"42":0,"43":0,"44":0,"45":0,"46":1,"47":0,"48":0,"49":0,"50":0,"51":0,"52":0,"53":0,"54":0,"55":0,"56":0,"57":1},"f":{"0":0,"1":0,"2":0,"3":0,"4":0,"5":0},"b":{"0":[0,0],"1":[0,0],"2":[0,0],"3":[0,0]},"_coverageSchema":"1a1c01bbd47fc00a2c39e90264f33305004495a9","hash":"f9f82077afb6d72af37c99cf91482b73319a18d0"}
,"/Users/macbook/Documents/GitHub/nodejs-homework-2/helpers/customError.js": {"path":"/Users/macbook/Documents/GitHub/nodejs-homework-2/helpers/customError.js","statementMap":{"0":{"start":{"line":3,"column":6},"end":{"line":3,"column":13}},"1":{"start":{"line":4,"column":6},"end":{"line":4,"column":26}},"2":{"start":{"line":5,"column":6},"end":{"line":5,"column":28}},"3":{"start":{"line":6,"column":6},"end":{"line":6,"column":22}},"4":{"start":{"line":10,"column":2},"end":{"line":10,"column":34}}},"fnMap":{"0":{"name":"(anonymous_0)","decl":{"start":{"line":2,"column":4},"end":{"line":2,"column":5}},"loc":{"start":{"line":2,"column":55},"end":{"line":7,"column":5}},"line":2}},"branchMap":{"0":{"loc":{"start":{"line":2,"column":33},"end":{"line":2,"column":53}},"type":"default-arg","locations":[{"start":{"line":2,"column":40},"end":{"line":2,"column":53}}],"line":2}},"s":{"0":0,"1":0,"2":0,"3":0,"4":1},"f":{"0":0},"b":{"0":[0]},"_coverageSchema":"1a1c01bbd47fc00a2c39e90264f33305004495a9","hash":"caae9cc42e80f8d909a730be44231f972a8c8ccb"}
,"/Users/macbook/Documents/GitHub/nodejs-homework-2/helpers/errorHandler.js": {"path":"/Users/macbook/Documents/GitHub/nodejs-homework-2/helpers/errorHandler.js","statementMap":{"0":{"start":{"line":1,"column":16},"end":{"line":22,"column":3}},"1":{"start":{"line":1,"column":24},"end":{"line":22,"column":3}},"2":{"start":{"line":2,"column":4},"end":{"line":21,"column":5}},"3":{"start":{"line":3,"column":21},"end":{"line":3,"column":45}},"4":{"start":{"line":4,"column":6},"end":{"line":4,"column":19}},"5":{"start":{"line":6,"column":6},"end":{"line":20,"column":7}},"6":{"start":{"line":8,"column":10},"end":{"line":10,"column":73}},"7":{"start":{"line":11,"column":10},"end":{"line":11,"column":15}},"8":{"start":{"line":13,"column":10},"end":{"line":15,"column":82}},"9":{"start":{"line":16,"column":10},"end":{"line":16,"column":15}},"10":{"start":{"line":18,"column":10},"end":{"line":18,"column":21}},"11":{"start":{"line":19,"column":10},"end":{"line":19,"column":15}},"12":{"start":{"line":24,"column":2},"end":{"line":24,"column":26}}},"fnMap":{"0":{"name":"(anonymous_0)","decl":{"start":{"line":1,"column":16},"end":{"line":1,"column":17}},"loc":{"start":{"line":1,"column":24},"end":{"line":22,"column":3}},"line":1},"1":{"name":"(anonymous_1)","decl":{"start":{"line":1,"column":24},"end":{"line":1,"column":25}},"loc":{"start":{"line":1,"column":50},"end":{"line":22,"column":3}},"line":1}},"branchMap":{"0":{"loc":{"start":{"line":6,"column":6},"end":{"line":20,"column":7}},"type":"switch","locations":[{"start":{"line":7,"column":8},"end":{"line":11,"column":15}},{"start":{"line":12,"column":8},"end":{"line":16,"column":15}},{"start":{"line":17,"column":8},"end":{"line":19,"column":15}}],"line":6}},"s":{"0":1,"1":6,"2":0,"3":0,"4":0,"5":0,"6":0,"7":0,"8":0,"9":0,"10":0,"11":0,"12":1},"f":{"0":6,"1":0},"b":{"0":[0,0,0]},"_coverageSchema":"1a1c01bbd47fc00a2c39e90264f33305004495a9","hash":"cb78f783db56eac6dc010ac56f72bb764a7594cd"}
,"/Users/macbook/Documents/GitHub/nodejs-homework-2/helpers/guard.js": {"path":"/Users/macbook/Documents/GitHub/nodejs-homework-2/helpers/guard.js","statementMap":{"0":{"start":{"line":1,"column":17},"end":{"line":1,"column":36}},"1":{"start":{"line":2,"column":0},"end":{"line":2,"column":29}},"2":{"start":{"line":3,"column":21},"end":{"line":3,"column":51}},"3":{"start":{"line":5,"column":14},"end":{"line":18,"column":1}},"4":{"start":{"line":6,"column":2},"end":{"line":17,"column":20}},"5":{"start":{"line":7,"column":18},"end":{"line":7,"column":57}},"6":{"start":{"line":8,"column":4},"end":{"line":14,"column":5}},"7":{"start":{"line":9,"column":6},"end":{"line":13,"column":8}},"8":{"start":{"line":15,"column":4},"end":{"line":15,"column":19}},"9":{"start":{"line":16,"column":4},"end":{"line":16,"column":17}},"10":{"start":{"line":20,"column":0},"end":{"line":20,"column":22}}},"fnMap":{"0":{"name":"(anonymous_0)","decl":{"start":{"line":5,"column":14},"end":{"line":5,"column":15}},"loc":{"start":{"line":5,"column":34},"end":{"line":18,"column":1}},"line":5},"1":{"name":"(anonymous_1)","decl":{"start":{"line":6,"column":51},"end":{"line":6,"column":52}},"loc":{"start":{"line":6,"column":66},"end":{"line":17,"column":3}},"line":6}},"branchMap":{"0":{"loc":{"start":{"line":8,"column":4},"end":{"line":14,"column":5}},"type":"if","locations":[{"start":{"line":8,"column":4},"end":{"line":14,"column":5}},{"start":{},"end":{}}],"line":8},"1":{"loc":{"start":{"line":8,"column":8},"end":{"line":8,"column":44}},"type":"binary-expr","locations":[{"start":{"line":8,"column":8},"end":{"line":8,"column":13}},{"start":{"line":8,"column":17},"end":{"line":8,"column":20}},{"start":{"line":8,"column":24},"end":{"line":8,"column":44}}],"line":8}},"s":{"0":2,"1":2,"2":2,"3":2,"4":3,"5":3,"6":3,"7":2,"8":1,"9":1,"10":2},"f":{"0":3,"1":3},"b":{"0":[2,1],"1":[3,2,2]},"_coverageSchema":"1a1c01bbd47fc00a2c39e90264f33305004495a9","hash":"cc3cd0a0abc461f992c6289a72caa9fef435419c"}
,"/Users/macbook/Documents/GitHub/nodejs-homework-2/helpers/rate-limit-login.js": {"path":"/Users/macbook/Documents/GitHub/nodejs-homework-2/helpers/rate-limit-login.js","statementMap":{"0":{"start":{"line":1,"column":18},"end":{"line":1,"column":47}},"1":{"start":{"line":2,"column":21},"end":{"line":2,"column":51}},"2":{"start":{"line":4,"column":16},"end":{"line":13,"column":4}},"3":{"start":{"line":8,"column":8},"end":{"line":12,"column":8}},"4":{"start":{"line":15,"column":2},"end":{"line":15,"column":26}}},"fnMap":{"0":{"name":"(anonymous_0)","decl":{"start":{"line":7,"column":13},"end":{"line":7,"column":14}},"loc":{"start":{"line":7,"column":33},"end":{"line":12,"column":9}},"line":7}},"branchMap":{},"s":{"0":1,"1":1,"2":1,"3":0,"4":1},"f":{"0":0},"b":{},"_coverageSchema":"1a1c01bbd47fc00a2c39e90264f33305004495a9","hash":"5661be1c71e2f05ba0af03f8ca54f49613066909"}
,"/Users/macbook/Documents/GitHub/nodejs-homework-2/helpers/uploads.js": {"path":"/Users/macbook/Documents/GitHub/nodejs-homework-2/helpers/uploads.js","statementMap":{"0":{"start":{"line":1,"column":16},"end":{"line":1,"column":33}},"1":{"start":{"line":2,"column":24},"end":{"line":2,"column":48}},"2":{"start":{"line":3,"column":0},"end":{"line":3,"column":26}},"3":{"start":{"line":4,"column":16},"end":{"line":4,"column":35}},"4":{"start":{"line":6,"column":16},"end":{"line":13,"column":4}},"5":{"start":{"line":8,"column":6},"end":{"line":8,"column":23}},"6":{"start":{"line":11,"column":6},"end":{"line":11,"column":63}},"7":{"start":{"line":15,"column":17},"end":{"line":26,"column":4}},"8":{"start":{"line":19,"column":6},"end":{"line":21,"column":7}},"9":{"start":{"line":20,"column":8},"end":{"line":20,"column":29}},"10":{"start":{"line":24,"column":6},"end":{"line":24,"column":57}},"11":{"start":{"line":30,"column":0},"end":{"line":30,"column":23}}},"fnMap":{"0":{"name":"(anonymous_0)","decl":{"start":{"line":7,"column":17},"end":{"line":7,"column":18}},"loc":{"start":{"line":7,"column":42},"end":{"line":9,"column":5}},"line":7},"1":{"name":"(anonymous_1)","decl":{"start":{"line":10,"column":14},"end":{"line":10,"column":15}},"loc":{"start":{"line":10,"column":39},"end":{"line":12,"column":5}},"line":10},"2":{"name":"(anonymous_2)","decl":{"start":{"line":18,"column":16},"end":{"line":18,"column":17}},"loc":{"start":{"line":18,"column":35},"end":{"line":25,"column":5}},"line":18}},"branchMap":{"0":{"loc":{"start":{"line":19,"column":6},"end":{"line":21,"column":7}},"type":"if","locations":[{"start":{"line":19,"column":6},"end":{"line":21,"column":7}},{"start":{},"end":{}}],"line":19}},"s":{"0":1,"1":1,"2":1,"3":1,"4":1,"5":0,"6":0,"7":1,"8":0,"9":0,"10":0,"11":1},"f":{"0":0,"1":0,"2":0},"b":{"0":[0,0]},"_coverageSchema":"1a1c01bbd47fc00a2c39e90264f33305004495a9","hash":"f9610c39aaec456eadeecdea2f5194e0144a7c9a"}
,"/Users/macbook/Documents/GitHub/nodejs-homework-2/model/contact.js": {"path":"/Users/macbook/Documents/GitHub/nodejs-homework-2/model/contact.js","statementMap":{"0":{"start":{"line":1,"column":39},"end":{"line":1,"column":58}},"1":{"start":{"line":2,"column":25},"end":{"line":2,"column":56}},"2":{"start":{"line":3,"column":22},"end":{"line":36,"column":1}},"3":{"start":{"line":29,"column":6},"end":{"line":29,"column":20}},"4":{"start":{"line":31,"column":6},"end":{"line":31,"column":16}},"5":{"start":{"line":38,"column":0},"end":{"line":38,"column":38}},"6":{"start":{"line":40,"column":16},"end":{"line":40,"column":47}},"7":{"start":{"line":42,"column":0},"end":{"line":42,"column":24}}},"fnMap":{"0":{"name":"(anonymous_0)","decl":{"start":{"line":28,"column":15},"end":{"line":28,"column":16}},"loc":{"start":{"line":28,"column":35},"end":{"line":32,"column":5}},"line":28}},"branchMap":{},"s":{"0":1,"1":1,"2":1,"3":0,"4":0,"5":1,"6":1,"7":1},"f":{"0":0},"b":{},"_coverageSchema":"1a1c01bbd47fc00a2c39e90264f33305004495a9","hash":"042959ae8e17e7ce7b3ca4389b2179e64879d589"}
,"/Users/macbook/Documents/GitHub/nodejs-homework-2/model/user.js": {"path":"/Users/macbook/Documents/GitHub/nodejs-homework-2/model/user.js","statementMap":{"0":{"start":{"line":1,"column":26},"end":{"line":1,"column":45}},"1":{"start":{"line":2,"column":17},"end":{"line":2,"column":36}},"2":{"start":{"line":4,"column":16},"end":{"line":4,"column":46}},"3":{"start":{"line":5,"column":15},"end":{"line":5,"column":34}},"4":{"start":{"line":6,"column":20},"end":{"line":6,"column":21}},"5":{"start":{"line":8,"column":19},"end":{"line":48,"column":1}},"6":{"start":{"line":31,"column":12},"end":{"line":31,"column":63}},"7":{"start":{"line":42,"column":8},"end":{"line":42,"column":22}},"8":{"start":{"line":43,"column":8},"end":{"line":43,"column":18}},"9":{"start":{"line":50,"column":0},"end":{"line":56,"column":2}},"10":{"start":{"line":51,"column":2},"end":{"line":54,"column":3}},"11":{"start":{"line":52,"column":17},"end":{"line":52,"column":50}},"12":{"start":{"line":53,"column":4},"end":{"line":53,"column":58}},"13":{"start":{"line":55,"column":2},"end":{"line":55,"column":8}},"14":{"start":{"line":58,"column":0},"end":{"line":60,"column":1}},"15":{"start":{"line":59,"column":2},"end":{"line":59,"column":48}},"16":{"start":{"line":62,"column":13},"end":{"line":62,"column":38}},"17":{"start":{"line":64,"column":0},"end":{"line":64,"column":21}}},"fnMap":{"0":{"name":"(anonymous_0)","decl":{"start":{"line":30,"column":19},"end":{"line":30,"column":20}},"loc":{"start":{"line":30,"column":31},"end":{"line":32,"column":11}},"line":30},"1":{"name":"(anonymous_1)","decl":{"start":{"line":41,"column":17},"end":{"line":41,"column":18}},"loc":{"start":{"line":41,"column":37},"end":{"line":44,"column":7}},"line":41},"2":{"name":"(anonymous_2)","decl":{"start":{"line":50,"column":23},"end":{"line":50,"column":24}},"loc":{"start":{"line":50,"column":45},"end":{"line":56,"column":1}},"line":50},"3":{"name":"(anonymous_3)","decl":{"start":{"line":58,"column":37},"end":{"line":58,"column":38}},"loc":{"start":{"line":58,"column":63},"end":{"line":60,"column":1}},"line":58}},"branchMap":{"0":{"loc":{"start":{"line":51,"column":2},"end":{"line":54,"column":3}},"type":"if","locations":[{"start":{"line":51,"column":2},"end":{"line":54,"column":3}},{"start":{},"end":{}}],"line":51}},"s":{"0":2,"1":2,"2":2,"3":2,"4":2,"5":2,"6":0,"7":0,"8":0,"9":2,"10":0,"11":0,"12":0,"13":0,"14":2,"15":0,"16":2,"17":2},"f":{"0":0,"1":0,"2":0,"3":0},"b":{"0":[0,0]},"_coverageSchema":"1a1c01bbd47fc00a2c39e90264f33305004495a9","hash":"168ed9bc2d1096bb15d96131dc7a6445a1ab4be2"}
,"/Users/macbook/Documents/GitHub/nodejs-homework-2/repository/index.js": {"path":"/Users/macbook/Documents/GitHub/nodejs-homework-2/repository/index.js","statementMap":{"0":{"start":{"line":1,"column":16},"end":{"line":1,"column":43}},"1":{"start":{"line":3,"column":21},"end":{"line":24,"column":1}},"2":{"start":{"line":8,"column":50},"end":{"line":8,"column":55}},"3":{"start":{"line":9,"column":24},"end":{"line":9,"column":41}},"4":{"start":{"line":10,"column":2},"end":{"line":12,"column":3}},"5":{"start":{"line":11,"column":4},"end":{"line":11,"column":37}},"6":{"start":{"line":13,"column":18},"end":{"line":20,"column":2}},"7":{"start":{"line":21,"column":27},"end":{"line":21,"column":34}},"8":{"start":{"line":22,"column":2},"end":{"line":22,"column":21}},"9":{"start":{"line":23,"column":2},"end":{"line":23,"column":31}},"10":{"start":{"line":26,"column":23},"end":{"line":32,"column":1}},"11":{"start":{"line":27,"column":17},"end":{"line":30,"column":4}},"12":{"start":{"line":31,"column":2},"end":{"line":31,"column":15}},"13":{"start":{"line":34,"column":22},"end":{"line":37,"column":1}},"14":{"start":{"line":35,"column":17},"end":{"line":35,"column":82}},"15":{"start":{"line":36,"column":2},"end":{"line":36,"column":15}},"16":{"start":{"line":38,"column":19},"end":{"line":41,"column":1}},"17":{"start":{"line":39,"column":17},"end":{"line":39,"column":43}},"18":{"start":{"line":40,"column":2},"end":{"line":40,"column":15}},"19":{"start":{"line":43,"column":22},"end":{"line":50,"column":1}},"20":{"start":{"line":44,"column":17},"end":{"line":48,"column":3}},"21":{"start":{"line":49,"column":2},"end":{"line":49,"column":15}},"22":{"start":{"line":52,"column":0},"end":{"line":58,"column":1}}},"fnMap":{"0":{"name":"(anonymous_0)","decl":{"start":{"line":3,"column":21},"end":{"line":3,"column":22}},"loc":{"start":{"line":3,"column":46},"end":{"line":24,"column":1}},"line":3},"1":{"name":"(anonymous_1)","decl":{"start":{"line":26,"column":23},"end":{"line":26,"column":24}},"loc":{"start":{"line":26,"column":52},"end":{"line":32,"column":1}},"line":26},"2":{"name":"(anonymous_2)","decl":{"start":{"line":34,"column":22},"end":{"line":34,"column":23}},"loc":{"start":{"line":34,"column":43},"end":{"line":37,"column":1}},"line":34},"3":{"name":"(anonymous_3)","decl":{"start":{"line":38,"column":19},"end":{"line":38,"column":20}},"loc":{"start":{"line":38,"column":35},"end":{"line":41,"column":1}},"line":38},"4":{"name":"(anonymous_4)","decl":{"start":{"line":43,"column":22},"end":{"line":43,"column":23}},"loc":{"start":{"line":43,"column":57},"end":{"line":50,"column":1}},"line":43}},"branchMap":{"0":{"loc":{"start":{"line":8,"column":9},"end":{"line":8,"column":24}},"type":"default-arg","locations":[{"start":{"line":8,"column":20},"end":{"line":8,"column":24}}],"line":8},"1":{"loc":{"start":{"line":8,"column":26},"end":{"line":8,"column":35}},"type":"default-arg","locations":[{"start":{"line":8,"column":34},"end":{"line":8,"column":35}}],"line":8},"2":{"loc":{"start":{"line":8,"column":37},"end":{"line":8,"column":45}},"type":"default-arg","locations":[{"start":{"line":8,"column":44},"end":{"line":8,"column":45}}],"line":8},"3":{"loc":{"start":{"line":10,"column":2},"end":{"line":12,"column":3}},"type":"if","locations":[{"start":{"line":10,"column":2},"end":{"line":12,"column":3}},{"start":{},"end":{}}],"line":10}},"s":{"0":1,"1":1,"2":0,"3":0,"4":0,"5":0,"6":0,"7":0,"8":0,"9":0,"10":1,"11":0,"12":0,"13":1,"14":0,"15":0,"16":1,"17":0,"18":0,"19":1,"20":0,"21":0,"22":1},"f":{"0":0,"1":0,"2":0,"3":0,"4":0},"b":{"0":[0],"1":[0],"2":[0],"3":[0,0]},"_coverageSchema":"1a1c01bbd47fc00a2c39e90264f33305004495a9","hash":"e31afcdddb657bbc6b56ffc65f93647877acb289"}
,"/Users/macbook/Documents/GitHub/nodejs-homework-2/repository/users.js": {"path":"/Users/macbook/Documents/GitHub/nodejs-homework-2/repository/users.js","statementMap":{"0":{"start":{"line":1,"column":13},"end":{"line":1,"column":37}},"1":{"start":{"line":3,"column":17},"end":{"line":5,"column":1}},"2":{"start":{"line":4,"column":2},"end":{"line":4,"column":32}},"3":{"start":{"line":7,"column":20},"end":{"line":9,"column":1}},"4":{"start":{"line":8,"column":2},"end":{"line":8,"column":38}},"5":{"start":{"line":11,"column":15},"end":{"line":14,"column":1}},"6":{"start":{"line":12,"column":15},"end":{"line":12,"column":32}},"7":{"start":{"line":13,"column":2},"end":{"line":13,"column":26}},"8":{"start":{"line":16,"column":20},"end":{"line":18,"column":1}},"9":{"start":{"line":17,"column":2},"end":{"line":17,"column":53}},"10":{"start":{"line":20,"column":22},"end":{"line":22,"column":1}},"11":{"start":{"line":21,"column":2},"end":{"line":21,"column":61}},"12":{"start":{"line":24,"column":21},"end":{"line":26,"column":1}},"13":{"start":{"line":25,"column":2},"end":{"line":25,"column":67}},"14":{"start":{"line":28,"column":0},"end":{"line":28,"column":92}}},"fnMap":{"0":{"name":"(anonymous_0)","decl":{"start":{"line":3,"column":17},"end":{"line":3,"column":18}},"loc":{"start":{"line":3,"column":31},"end":{"line":5,"column":1}},"line":3},"1":{"name":"(anonymous_1)","decl":{"start":{"line":7,"column":20},"end":{"line":7,"column":21}},"loc":{"start":{"line":7,"column":37},"end":{"line":9,"column":1}},"line":7},"2":{"name":"(anonymous_2)","decl":{"start":{"line":11,"column":15},"end":{"line":11,"column":16}},"loc":{"start":{"line":11,"column":34},"end":{"line":14,"column":1}},"line":11},"3":{"name":"(anonymous_3)","decl":{"start":{"line":16,"column":20},"end":{"line":16,"column":21}},"loc":{"start":{"line":16,"column":41},"end":{"line":18,"column":1}},"line":16},"4":{"name":"(anonymous_4)","decl":{"start":{"line":20,"column":22},"end":{"line":20,"column":23}},"loc":{"start":{"line":20,"column":50},"end":{"line":22,"column":1}},"line":20},"5":{"name":"(anonymous_5)","decl":{"start":{"line":24,"column":21},"end":{"line":24,"column":22}},"loc":{"start":{"line":24,"column":63},"end":{"line":26,"column":1}},"line":24}},"branchMap":{"0":{"loc":{"start":{"line":24,"column":40},"end":{"line":24,"column":58}},"type":"default-arg","locations":[{"start":{"line":24,"column":54},"end":{"line":24,"column":58}}],"line":24}},"s":{"0":2,"1":2,"2":0,"3":2,"4":0,"5":2,"6":0,"7":0,"8":2,"9":0,"10":2,"11":0,"12":2,"13":0,"14":2},"f":{"0":0,"1":0,"2":0,"3":0,"4":0,"5":0},"b":{"0":[0]},"_coverageSchema":"1a1c01bbd47fc00a2c39e90264f33305004495a9","hash":"d1ca7fb2fc57a2524f2ffef1507e6c80d201615d"}
,"/Users/macbook/Documents/GitHub/nodejs-homework-2/routes/contacts/contacts.js": {"path":"/Users/macbook/Documents/GitHub/nodejs-homework-2/routes/contacts/contacts.js","statementMap":{"0":{"start":{"line":1,"column":16},"end":{"line":1,"column":34}},"1":{"start":{"line":2,"column":15},"end":{"line":2,"column":31}},"2":{"start":{"line":10,"column":4},"end":{"line":10,"column":41}},"3":{"start":{"line":11,"column":70},"end":{"line":11,"column":93}},"4":{"start":{"line":12,"column":14},"end":{"line":12,"column":44}},"5":{"start":{"line":13,"column":18},"end":{"line":13,"column":55}},"6":{"start":{"line":15,"column":0},"end":{"line":15,"column":46}},"7":{"start":{"line":17,"column":0},"end":{"line":17,"column":74}},"8":{"start":{"line":19,"column":0},"end":{"line":19,"column":64}},"9":{"start":{"line":21,"column":0},"end":{"line":21,"column":80}},"10":{"start":{"line":23,"column":0},"end":{"line":23,"column":96}},"11":{"start":{"line":25,"column":0},"end":{"line":30,"column":1}},"12":{"start":{"line":32,"column":0},"end":{"line":32,"column":23}}},"fnMap":{},"branchMap":{},"s":{"0":1,"1":1,"2":1,"3":1,"4":1,"5":1,"6":1,"7":1,"8":1,"9":1,"10":1,"11":1,"12":1},"f":{},"b":{},"_coverageSchema":"1a1c01bbd47fc00a2c39e90264f33305004495a9","hash":"c165193e420633d0ca7067a1f289572a5344e5be"}
,"/Users/macbook/Documents/GitHub/nodejs-homework-2/routes/contacts/validation.js": {"path":"/Users/macbook/Documents/GitHub/nodejs-homework-2/routes/contacts/validation.js","statementMap":{"0":{"start":{"line":1,"column":12},"end":{"line":1,"column":26}},"1":{"start":{"line":3,"column":22},"end":{"line":7,"column":2}},"2":{"start":{"line":9,"column":28},"end":{"line":11,"column":2}},"3":{"start":{"line":15,"column":24},"end":{"line":17,"column":2}},"4":{"start":{"line":19,"column":17},"end":{"line":30,"column":1}},"5":{"start":{"line":20,"column":2},"end":{"line":29,"column":3}},"6":{"start":{"line":21,"column":4},"end":{"line":21,"column":35}},"7":{"start":{"line":22,"column":4},"end":{"line":22,"column":10}},"8":{"start":{"line":24,"column":4},"end":{"line":28,"column":6}},"9":{"start":{"line":32,"column":0},"end":{"line":34,"column":1}},"10":{"start":{"line":33,"column":2},"end":{"line":33,"column":59}},"11":{"start":{"line":36,"column":0},"end":{"line":38,"column":1}},"12":{"start":{"line":37,"column":2},"end":{"line":37,"column":63}},"13":{"start":{"line":40,"column":0},"end":{"line":42,"column":1}},"14":{"start":{"line":41,"column":2},"end":{"line":41,"column":65}}},"fnMap":{"0":{"name":"(anonymous_0)","decl":{"start":{"line":19,"column":17},"end":{"line":19,"column":18}},"loc":{"start":{"line":19,"column":51},"end":{"line":30,"column":1}},"line":19},"1":{"name":"(anonymous_1)","decl":{"start":{"line":32,"column":33},"end":{"line":32,"column":34}},"loc":{"start":{"line":32,"column":59},"end":{"line":34,"column":1}},"line":32},"2":{"name":"(anonymous_2)","decl":{"start":{"line":36,"column":35},"end":{"line":36,"column":36}},"loc":{"start":{"line":36,"column":61},"end":{"line":38,"column":1}},"line":36},"3":{"name":"(anonymous_3)","decl":{"start":{"line":40,"column":39},"end":{"line":40,"column":40}},"loc":{"start":{"line":40,"column":65},"end":{"line":42,"column":1}},"line":40}},"branchMap":{},"s":{"0":1,"1":1,"2":1,"3":1,"4":1,"5":0,"6":0,"7":0,"8":0,"9":1,"10":0,"11":1,"12":0,"13":1,"14":0},"f":{"0":0,"1":0,"2":0,"3":0},"b":{},"_coverageSchema":"1a1c01bbd47fc00a2c39e90264f33305004495a9","hash":"dd8cf77527d47a153f86a8e7259450efeb86ac8d"}
,"/Users/macbook/Documents/GitHub/nodejs-homework-2/routes/users/users.js": {"path":"/Users/macbook/Documents/GitHub/nodejs-homework-2/routes/users/users.js","statementMap":{"0":{"start":{"line":1,"column":16},"end":{"line":1,"column":34}},"1":{"start":{"line":2,"column":15},"end":{"line":2,"column":31}},"2":{"start":{"line":3,"column":72},"end":{"line":3,"column":106}},"3":{"start":{"line":4,"column":43},"end":{"line":4,"column":66}},"4":{"start":{"line":5,"column":14},"end":{"line":5,"column":44}},"5":{"start":{"line":6,"column":20},"end":{"line":6,"column":61}},"6":{"start":{"line":7,"column":15},"end":{"line":7,"column":47}},"7":{"start":{"line":9,"column":0},"end":{"line":9,"column":43}},"8":{"start":{"line":10,"column":0},"end":{"line":10,"column":53}},"9":{"start":{"line":11,"column":0},"end":{"line":11,"column":37}},"10":{"start":{"line":12,"column":0},"end":{"line":12,"column":42}},"11":{"start":{"line":13,"column":0},"end":{"line":13,"column":54}},"12":{"start":{"line":14,"column":0},"end":{"line":14,"column":69}},"13":{"start":{"line":16,"column":0},"end":{"line":16,"column":23}}},"fnMap":{},"branchMap":{},"s":{"0":1,"1":1,"2":1,"3":1,"4":1,"5":1,"6":1,"7":1,"8":1,"9":1,"10":1,"11":1,"12":1,"13":1},"f":{},"b":{},"_coverageSchema":"1a1c01bbd47fc00a2c39e90264f33305004495a9","hash":"e223ef98b04270f1eb13d93508c5d8903c0209e9"}
,"/Users/macbook/Documents/GitHub/nodejs-homework-2/routes/users/validation.js": {"path":"/Users/macbook/Documents/GitHub/nodejs-homework-2/routes/users/validation.js","statementMap":{"0":{"start":{"line":1,"column":12},"end":{"line":1,"column":26}},"1":{"start":{"line":3,"column":19},"end":{"line":6,"column":2}},"2":{"start":{"line":10,"column":32},"end":{"line":12,"column":4}},"3":{"start":{"line":14,"column":17},"end":{"line":25,"column":1}},"4":{"start":{"line":15,"column":2},"end":{"line":24,"column":3}},"5":{"start":{"line":16,"column":4},"end":{"line":16,"column":35}},"6":{"start":{"line":17,"column":4},"end":{"line":17,"column":10}},"7":{"start":{"line":19,"column":4},"end":{"line":23,"column":6}},"8":{"start":{"line":27,"column":0},"end":{"line":29,"column":1}},"9":{"start":{"line":28,"column":2},"end":{"line":28,"column":56}},"10":{"start":{"line":31,"column":0},"end":{"line":33,"column":4}},"11":{"start":{"line":32,"column":4},"end":{"line":32,"column":66}}},"fnMap":{"0":{"name":"(anonymous_0)","decl":{"start":{"line":14,"column":17},"end":{"line":14,"column":18}},"loc":{"start":{"line":14,"column":51},"end":{"line":25,"column":1}},"line":14},"1":{"name":"(anonymous_1)","decl":{"start":{"line":27,"column":30},"end":{"line":27,"column":31}},"loc":{"start":{"line":27,"column":56},"end":{"line":29,"column":1}},"line":27},"2":{"name":"(anonymous_2)","decl":{"start":{"line":31,"column":35},"end":{"line":31,"column":36}},"loc":{"start":{"line":31,"column":55},"end":{"line":33,"column":3}},"line":31}},"branchMap":{},"s":{"0":1,"1":1,"2":1,"3":1,"4":0,"5":0,"6":0,"7":0,"8":1,"9":0,"10":1,"11":0},"f":{"0":0,"1":0,"2":0},"b":{},"_coverageSchema":"1a1c01bbd47fc00a2c39e90264f33305004495a9","hash":"a9e7673d384d9a58f8d30323fa246640c2e8f8b9"}
,"/Users/macbook/Documents/GitHub/nodejs-homework-2/services/cloud-upload.js": {"path":"/Users/macbook/Documents/GitHub/nodejs-homework-2/services/cloud-upload.js","statementMap":{"0":{"start":{"line":1,"column":19},"end":{"line":1,"column":43}},"1":{"start":{"line":2,"column":22},"end":{"line":2,"column":37}},"2":{"start":{"line":4,"column":0},"end":{"line":4,"column":26}},"3":{"start":{"line":5,"column":0},"end":{"line":10,"column":2}},"4":{"start":{"line":14,"column":4},"end":{"line":14,"column":34}},"5":{"start":{"line":15,"column":4},"end":{"line":15,"column":60}},"6":{"start":{"line":20,"column":6},"end":{"line":24,"column":8}},"7":{"start":{"line":25,"column":4},"end":{"line":28,"column":5}},"8":{"start":{"line":32,"column":0},"end":{"line":32,"column":33}}},"fnMap":{"0":{"name":"(anonymous_0)","decl":{"start":{"line":13,"column":2},"end":{"line":13,"column":3}},"loc":{"start":{"line":13,"column":27},"end":{"line":16,"column":3}},"line":13},"1":{"name":"(anonymous_1)","decl":{"start":{"line":18,"column":2},"end":{"line":18,"column":3}},"loc":{"start":{"line":18,"column":36},"end":{"line":29,"column":3}},"line":18}},"branchMap":{},"s":{"0":1,"1":1,"2":1,"3":1,"4":0,"5":0,"6":0,"7":0,"8":1},"f":{"0":0,"1":0},"b":{},"_coverageSchema":"1a1c01bbd47fc00a2c39e90264f33305004495a9","hash":"3bbd4d1ec8da892467795c024584f39158074e25"}
,"/Users/macbook/Documents/GitHub/nodejs-homework-2/test/data/data.js": {"path":"/Users/macbook/Documents/GitHub/nodejs-homework-2/test/data/data.js","statementMap":{"0":{"start":{"line":1,"column":28},"end":{"line":4,"column":3}},"1":{"start":{"line":6,"column":2},"end":{"line":6,"column":38}}},"fnMap":{},"branchMap":{},"s":{"0":1,"1":1},"f":{},"b":{},"_coverageSchema":"1a1c01bbd47fc00a2c39e90264f33305004495a9","hash":"c1900e7811362666052aff7cb549ac8f29b0e4ef"}
}
